<?xml version="1.0" encoding="UTF-8" ?>
<testsuite tests="6" failures="0" name="TestRouteCalculator" time="0.037" errors="0" skipped="0">
  <properties>
[...]
</properties>
  <testcase classname="TestRouteCalculator" name="testStationsNextToEachOtherOnSingleLine" time="0.031"/>
  <testcase classname="TestRouteCalculator" name="testCalculateDuration" time="0"/>
  <testcase classname="TestRouteCalculator" name="testOppositeStationsWithTwoTransfers" time="0.001"/>
  <testcase classname="TestRouteCalculator" name="testOppositeStationsOnSingleLine" time="0.002"/>
  <testcase classname="TestRouteCalculator" name="testDistanceToSameStation" time="0.002"/>
  <testcase classname="TestRouteCalculator" name="testOppositeStationsWithOneTransfer" time="0.001"/>
</testsuite>